<?xml version="1.0" encoding="UTF-8"?>
<!-- Generated by org.testng.reporters.JUnitReportReporter -->
<testsuite skipped="0" hostname="LAPTOP-3QSEC7LE" name="com.crm.qa.testcases.LoginPageTest" tests="3" failures="0" timestamp="23 Mar 2019 03:34:37 GMT" time="35.330" errors="0">
  <testcase name="loginpageTitleTest" time="9.443" classname="com.crm.qa.testcases.LoginPageTest"/>
  <testcase name="crmLogoImageTest" time="9.266" classname="com.crm.qa.testcases.LoginPageTest"/>
  <testcase name="loginTest" time="16.621" classname="com.crm.qa.testcases.LoginPageTest"/>
</testsuite> <!-- com.crm.qa.testcases.LoginPageTest -->
